<?xml version="1.0" encoding="UTF-8"?>
<!-- Generated by org.testng.reporters.JUnitXMLReporter -->
<testsuite ignored="0" hostname="DESKTOP-350I21P" failures="0" tests="5" name="Default test" time="15.861" errors="0" timestamp="2021-11-30T17:12:55 IST">
  <testcase classname="Calculator.Calculator_Op" name="open" time="5.489"/>
  <testcase classname="Calculator.Calculator_Op" name="Multiplication" time="2.464"/>
  <testcase classname="Calculator.Calculator_Op" name="Division" time="2.376"/>
  <testcase classname="Calculator.Calculator_Op" name="Addition" time="2.525"/>
  <testcase classname="Calculator.Calculator_Op" name="Substraction" time="2.952"/>
</testsuite> <!-- Default test -->
