<?xml version="1.0" encoding="UTF-8"?>
<testng-results ignored="0" total="5" passed="5" failed="0" skipped="0">
  <reporter-output>
  </reporter-output>
  <suite started-at="2021-11-30T17:12:39 IST" name="Default suite" finished-at="2021-11-30T17:12:55 IST" duration-ms="15861">
    <groups>
    </groups>
    <test started-at="2021-11-30T17:12:39 IST" name="Default test" finished-at="2021-11-30T17:12:55 IST" duration-ms="15861">
      <class name="Calculator.Calculator_Op">
        <test-method signature="open()[pri:1, instance:Calculator.Calculator_Op@4e268090]" started-at="2021-11-30T17:12:39 IST" name="open" finished-at="2021-11-30T17:12:45 IST" duration-ms="5489" status="PASS">
          <reporter-output>
          </reporter-output>
        </test-method> <!-- open -->
        <test-method signature="Multiplication()[pri:2, instance:Calculator.Calculator_Op@4e268090]" started-at="2021-11-30T17:12:45 IST" name="Multiplication" finished-at="2021-11-30T17:12:47 IST" duration-ms="2464" status="PASS">
          <reporter-output>
          </reporter-output>
        </test-method> <!-- Multiplication -->
        <test-method signature="Division()[pri:3, instance:Calculator.Calculator_Op@4e268090]" started-at="2021-11-30T17:12:47 IST" name="Division" finished-at="2021-11-30T17:12:50 IST" duration-ms="2376" status="PASS">
          <reporter-output>
          </reporter-output>
        </test-method> <!-- Division -->
        <test-method signature="Addition()[pri:4, instance:Calculator.Calculator_Op@4e268090]" started-at="2021-11-30T17:12:50 IST" name="Addition" finished-at="2021-11-30T17:12:52 IST" duration-ms="2525" status="PASS">
          <reporter-output>
          </reporter-output>
        </test-method> <!-- Addition -->
        <test-method signature="Substraction()[pri:5, instance:Calculator.Calculator_Op@4e268090]" started-at="2021-11-30T17:12:52 IST" name="Substraction" finished-at="2021-11-30T17:12:55 IST" duration-ms="2952" status="PASS">
          <reporter-output>
          </reporter-output>
        </test-method> <!-- Substraction -->
      </class> <!-- Calculator.Calculator_Op -->
    </test> <!-- Default test -->
  </suite> <!-- Default suite -->
</testng-results>
